# JRE version: OpenJDK Runtime Environment Temurin-21.0.9+10 (21.0.9+10) (build 21.0.9+10-LTS)
# Java VM: OpenJDK 64-Bit Server VM Temurin-21.0.9+10 (21.0.9+10-LTS, mixed mode, sharing, tiered, compressed oops, compressed class ptrs, parallel gc, windows-amd64)
GC Precious Log:
 CardTable entry size: 512
 CPUs: 16 total, 16 available
 Memory: 16310M
 Large Page Support: Disabled
 NUMA Support: Disabled
 Compressed Oops: Enabled (32-bit)
 Alignments: Space 512K, Generation 512K, Heap 2M
 Heap Min Capacity: 100M
 Heap Initial Capacity: 100M
 Heap Max Capacity: 2G
 Pre-touch: Disabled
 Parallel Workers: 13
Heap:
 PSYoungGen      total 17408K, used 2416K [0x00000000d5580000, 0x00000000d6800000, 0x0000000100000000)
  eden space 15872K, 9% used [0x00000000d5580000,0x00000000d56ec1b8,0x00000000d6500000)
  from space 1536K, 62% used [0x00000000d6580000,0x00000000d6670020,0x00000000d6700000)
  to   space 1024K, 0% used [0x00000000d6700000,0x00000000d6700000,0x00000000d6800000)
 ParOldGen       total 68608K, used 43825K [0x0000000080000000, 0x0000000084300000, 0x00000000d5580000)
  object space 68608K, 63% used [0x0000000080000000,0x0000000082acc6b0,0x0000000084300000)
 Metaspace       used 63474K, committed 64960K, reserved 1114112K
  class space    used 6698K, committed 7360K, reserved 1048576K
GC Heap History (20 events):
Event: 42.191 GC heap before
{Heap before GC invocations=33 (full 2):
 PSYoungGen      total 18432K, used 18336K [0x00000000d5580000, 0x00000000d6a00000, 0x0000000100000000)
  eden space 17920K, 100% used [0x00000000d5580000,0x00000000d6700000,0x00000000d6700000)
  from space 512K, 81% used [0x00000000d6980000,0x00000000d69e8000,0x00000000d6a00000)
  to   space 1024K, 0% used [0x00000000d6800000,0x00000000d6800000,0x00000000d6900000)
 ParOldGen       total 68608K, used 41176K [0x0000000080000000, 0x0000000084300000, 0x00000000d5580000)
  object space 68608K, 60% used [0x0000000080000000,0x0000000082836170,0x0000000084300000)
 Metaspace       used 54133K, committed 55552K, reserved 1114112K
  class space    used 5871K, committed 6464K, reserved 1048576K
}
Event: 42.191 GC heap after
{Heap after GC invocations=33 (full 2):
 PSYoungGen      total 18944K, used 416K [0x00000000d5580000, 0x00000000d6a00000, 0x0000000100000000)
  eden space 17920K, 0% used [0x00000000d5580000,0x00000000d5580000,0x00000000d6700000)
  from space 1024K, 40% used [0x00000000d6800000,0x00000000d6868000,0x00000000d6900000)
  to   space 512K, 0% used [0x00000000d6980000,0x00000000d6980000,0x00000000d6a00000)
 ParOldGen       total 68608K, used 41248K [0x0000000080000000, 0x0000000084300000, 0x00000000d5580000)
  object space 68608K, 60% used [0x0000000080000000,0x0000000082848170,0x0000000084300000)
 Metaspace       used 54133K, committed 55552K, reserved 1114112K
  class space    used 5871K, committed 6464K, reserved 1048576K
}
Event: 42.333 GC heap before
{Heap before GC invocations=34 (full 2):
 PSYoungGen      total 18944K, used 18261K [0x00000000d5580000, 0x00000000d6a00000, 0x0000000100000000)
  eden space 17920K, 99% used [0x00000000d5580000,0x00000000d66ed6f8,0x00000000d6700000)
  from space 1024K, 40% used [0x00000000d6800000,0x00000000d6868000,0x00000000d6900000)
  to   space 512K, 0% used [0x00000000d6980000,0x00000000d6980000,0x00000000d6a00000)
 ParOldGen       total 68608K, used 41248K [0x0000000080000000, 0x0000000084300000, 0x00000000d5580000)
  object space 68608K, 60% used [0x0000000080000000,0x0000000082848170,0x0000000084300000)
 Metaspace       used 55578K, committed 56960K, reserved 1114112K
  class space    used 6017K, committed 6592K, reserved 1048576K
}
Event: 42.333 GC heap after
{Heap after GC invocations=34 (full 2):
 PSYoungGen      total 18432K, used 480K [0x00000000d5580000, 0x00000000d6a00000, 0x0000000100000000)
  eden space 17920K, 0% used [0x00000000d5580000,0x00000000d5580000,0x00000000d6700000)
  from space 512K, 93% used [0x00000000d6980000,0x00000000d69f80c8,0x00000000d6a00000)
  to   space 1024K, 0% used [0x00000000d6800000,0x00000000d6800000,0x00000000d6900000)
 ParOldGen       total 68608K, used 41680K [0x0000000080000000, 0x0000000084300000, 0x00000000d5580000)
  object space 68608K, 60% used [0x0000000080000000,0x00000000828b4170,0x0000000084300000)
 Metaspace       used 55578K, committed 56960K, reserved 1114112K
  class space    used 6017K, committed 6592K, reserved 1048576K
}
Event: 43.596 GC heap before
{Heap before GC invocations=35 (full 2):
 PSYoungGen      total 18432K, used 18400K [0x00000000d5580000, 0x00000000d6a00000, 0x0000000100000000)
  eden space 17920K, 100% used [0x00000000d5580000,0x00000000d6700000,0x00000000d6700000)
  from space 512K, 93% used [0x00000000d6980000,0x00000000d69f80c8,0x00000000d6a00000)
  to   space 1024K, 0% used [0x00000000d6800000,0x00000000d6800000,0x00000000d6900000)
 ParOldGen       total 68608K, used 41680K [0x0000000080000000, 0x0000000084300000, 0x00000000d5580000)
  object space 68608K, 60% used [0x0000000080000000,0x00000000828b4170,0x0000000084300000)
 Metaspace       used 57842K, committed 59328K, reserved 1114112K
  class space    used 6211K, committed 6848K, reserved 1048576K
}
Event: 43.598 GC heap after
{Heap after GC invocations=35 (full 2):
 PSYoungGen      total 18944K, used 1002K [0x00000000d5580000, 0x00000000d6c00000, 0x0000000100000000)
  eden space 17920K, 0% used [0x00000000d5580000,0x00000000d5580000,0x00000000d6700000)
  from space 1024K, 97% used [0x00000000d6800000,0x00000000d68fa870,0x00000000d6900000)
  to   space 2560K, 0% used [0x00000000d6980000,0x00000000d6980000,0x00000000d6c00000)
 ParOldGen       total 68608K, used 42849K [0x0000000080000000, 0x0000000084300000, 0x00000000d5580000)
  object space 68608K, 62% used [0x0000000080000000,0x00000000829d8528,0x0000000084300000)
 Metaspace       used 57842K, committed 59328K, reserved 1114112K
  class space    used 6211K, committed 6848K, reserved 1048576K
}
Event: 70.224 GC heap before
{Heap before GC invocations=36 (full 2):
 PSYoungGen      total 18944K, used 6604K [0x00000000d5580000, 0x00000000d6c00000, 0x0000000100000000)
  eden space 17920K, 31% used [0x00000000d5580000,0x00000000d5af89e0,0x00000000d6700000)
  from space 1024K, 97% used [0x00000000d6800000,0x00000000d68fa870,0x00000000d6900000)
  to   space 2560K, 0% used [0x00000000d6980000,0x00000000d6980000,0x00000000d6c00000)
 ParOldGen       total 68608K, used 42849K [0x0000000080000000, 0x0000000084300000, 0x00000000d5580000)
  object space 68608K, 62% used [0x0000000080000000,0x00000000829d8528,0x0000000084300000)
 Metaspace       used 58305K, committed 59776K, reserved 1114112K
  class space    used 6267K, committed 6912K, reserved 1048576K
}
Event: 70.224 GC heap after
{Heap after GC invocations=36 (full 2):
 PSYoungGen      total 18944K, used 672K [0x00000000d5580000, 0x00000000d6a80000, 0x0000000100000000)
  eden space 17920K, 0% used [0x00000000d5580000,0x00000000d5580000,0x00000000d6700000)
  from space 1024K, 65% used [0x00000000d6980000,0x00000000d6a28000,0x00000000d6a80000)
  to   space 1536K, 0% used [0x00000000d6780000,0x00000000d6780000,0x00000000d6900000)
 ParOldGen       total 68608K, used 43938K [0x0000000080000000, 0x0000000084300000, 0x00000000d5580000)
  object space 68608K, 64% used [0x0000000080000000,0x0000000082ae8870,0x0000000084300000)
 Metaspace       used 58305K, committed 59776K, reserved 1114112K
  class space    used 6267K, committed 6912K, reserved 1048576K
}
Event: 70.224 GC heap before
{Heap before GC invocations=37 (full 3):
 PSYoungGen      total 18944K, used 672K [0x00000000d5580000, 0x00000000d6a80000, 0x0000000100000000)
  eden space 17920K, 0% used [0x00000000d5580000,0x00000000d5580000,0x00000000d6700000)
  from space 1024K, 65% used [0x00000000d6980000,0x00000000d6a28000,0x00000000d6a80000)
  to   space 1536K, 0% used [0x00000000d6780000,0x00000000d6780000,0x00000000d6900000)
 ParOldGen       total 68608K, used 43938K [0x0000000080000000, 0x0000000084300000, 0x00000000d5580000)
  object space 68608K, 64% used [0x0000000080000000,0x0000000082ae8870,0x0000000084300000)
 Metaspace       used 58305K, committed 59776K, reserved 1114112K
  class space    used 6267K, committed 6912K, reserved 1048576K
}
Event: 70.260 GC heap after
{Heap after GC invocations=37 (full 3):
 PSYoungGen      total 18944K, used 0K [0x00000000d5580000, 0x00000000d6a80000, 0x0000000100000000)
  eden space 17920K, 0% used [0x00000000d5580000,0x00000000d5580000,0x00000000d6700000)
  from space 1024K, 0% used [0x00000000d6980000,0x00000000d6980000,0x00000000d6a80000)
  to   space 1536K, 0% used [0x00000000d6780000,0x00000000d6780000,0x00000000d6900000)
 ParOldGen       total 68608K, used 39460K [0x0000000080000000, 0x0000000084300000, 0x00000000d5580000)
  object space 68608K, 57% used [0x0000000080000000,0x0000000082689218,0x0000000084300000)
 Metaspace       used 58305K, committed 59776K, reserved 1114112K
  class space    used 6267K, committed 6912K, reserved 1048576K
}
Event: 84.971 GC heap before
{Heap before GC invocations=38 (full 3):
 PSYoungGen      total 18944K, used 17920K [0x00000000d5580000, 0x00000000d6a80000, 0x0000000100000000)
  eden space 17920K, 100% used [0x00000000d5580000,0x00000000d6700000,0x00000000d6700000)
  from space 1024K, 0% used [0x00000000d6980000,0x00000000d6980000,0x00000000d6a80000)
  to   space 1536K, 0% used [0x00000000d6780000,0x00000000d6780000,0x00000000d6900000)
 ParOldGen       total 68608K, used 39460K [0x0000000080000000, 0x0000000084300000, 0x00000000d5580000)
  object space 68608K, 57% used [0x0000000080000000,0x0000000082689218,0x0000000084300000)
 Metaspace       used 59944K, committed 61440K, reserved 1114112K
  class space    used 6389K, committed 7040K, reserved 1048576K
}
Event: 84.972 GC heap after
{Heap after GC invocations=38 (full 3):
 PSYoungGen      total 19456K, used 1527K [0x00000000d5580000, 0x00000000d6b00000, 0x0000000100000000)
  eden space 17920K, 0% used [0x00000000d5580000,0x00000000d5580000,0x00000000d6700000)
  from space 1536K, 99% used [0x00000000d6780000,0x00000000d68fde88,0x00000000d6900000)
  to   space 2048K, 0% used [0x00000000d6900000,0x00000000d6900000,0x00000000d6b00000)
 ParOldGen       total 68608K, used 39492K [0x0000000080000000, 0x0000000084300000, 0x00000000d5580000)
  object space 68608K, 57% used [0x0000000080000000,0x0000000082691218,0x0000000084300000)
 Metaspace       used 59944K, committed 61440K, reserved 1114112K
  class space    used 6389K, committed 7040K, reserved 1048576K
}
Event: 85.119 GC heap before
{Heap before GC invocations=39 (full 3):
 PSYoungGen      total 19456K, used 19447K [0x00000000d5580000, 0x00000000d6b00000, 0x0000000100000000)
  eden space 17920K, 100% used [0x00000000d5580000,0x00000000d6700000,0x00000000d6700000)
  from space 1536K, 99% used [0x00000000d6780000,0x00000000d68fde88,0x00000000d6900000)
  to   space 2048K, 0% used [0x00000000d6900000,0x00000000d6900000,0x00000000d6b00000)
 ParOldGen       total 68608K, used 39492K [0x0000000080000000, 0x0000000084300000, 0x00000000d5580000)
  object space 68608K, 57% used [0x0000000080000000,0x0000000082691218,0x0000000084300000)
 Metaspace       used 61717K, committed 63232K, reserved 1114112K
  class space    used 6550K, committed 7168K, reserved 1048576K
}
Event: 85.120 GC heap after
{Heap after GC invocations=39 (full 3):
 PSYoungGen      total 17920K, used 2035K [0x00000000d5580000, 0x00000000d6f00000, 0x0000000100000000)
  eden space 15872K, 0% used [0x00000000d5580000,0x00000000d5580000,0x00000000d6500000)
  from space 2048K, 99% used [0x00000000d6900000,0x00000000d6afcdf8,0x00000000d6b00000)
  to   space 4096K, 0% used [0x00000000d6500000,0x00000000d6500000,0x00000000d6900000)
 ParOldGen       total 68608K, used 41033K [0x0000000080000000, 0x0000000084300000, 0x00000000d5580000)
  object space 68608K, 59% used [0x0000000080000000,0x00000000828124a8,0x0000000084300000)
 Metaspace       used 61717K, committed 63232K, reserved 1114112K
  class space    used 6550K, committed 7168K, reserved 1048576K
}
Event: 116.669 GC heap before
{Heap before GC invocations=40 (full 3):
 PSYoungGen      total 17920K, used 17907K [0x00000000d5580000, 0x00000000d6f00000, 0x0000000100000000)
  eden space 15872K, 100% used [0x00000000d5580000,0x00000000d6500000,0x00000000d6500000)
  from space 2048K, 99% used [0x00000000d6900000,0x00000000d6afcdf8,0x00000000d6b00000)
  to   space 4096K, 0% used [0x00000000d6500000,0x00000000d6500000,0x00000000d6900000)
 ParOldGen       total 68608K, used 41033K [0x0000000080000000, 0x0000000084300000, 0x00000000d5580000)
  object space 68608K, 59% used [0x0000000080000000,0x00000000828124a8,0x0000000084300000)
 Metaspace       used 62449K, committed 63872K, reserved 1114112K
  class space    used 6623K, committed 7232K, reserved 1048576K
}
Event: 116.669 GC heap after
{Heap after GC invocations=40 (full 3):
 PSYoungGen      total 17408K, used 1083K [0x00000000d5580000, 0x00000000d6980000, 0x0000000100000000)
  eden space 15872K, 0% used [0x00000000d5580000,0x00000000d5580000,0x00000000d6500000)
  from space 1536K, 70% used [0x00000000d6500000,0x00000000d660ec98,0x00000000d6680000)
  to   space 2048K, 0% used [0x00000000d6780000,0x00000000d6780000,0x00000000d6980000)
 ParOldGen       total 68608K, used 42318K [0x0000000080000000, 0x0000000084300000, 0x00000000d5580000)
  object space 68608K, 61% used [0x0000000080000000,0x0000000082953868,0x0000000084300000)
 Metaspace       used 62449K, committed 63872K, reserved 1114112K
  class space    used 6623K, committed 7232K, reserved 1048576K
}
Event: 1029.195 GC heap before
{Heap before GC invocations=41 (full 3):
 PSYoungGen      total 17408K, used 16955K [0x00000000d5580000, 0x00000000d6980000, 0x0000000100000000)
  eden space 15872K, 100% used [0x00000000d5580000,0x00000000d6500000,0x00000000d6500000)
  from space 1536K, 70% used [0x00000000d6500000,0x00000000d660ec98,0x00000000d6680000)
  to   space 2048K, 0% used [0x00000000d6780000,0x00000000d6780000,0x00000000d6980000)
 ParOldGen       total 68608K, used 42318K [0x0000000080000000, 0x0000000084300000, 0x00000000d5580000)
  object space 68608K, 61% used [0x0000000080000000,0x0000000082953868,0x0000000084300000)
 Metaspace       used 63107K, committed 64640K, reserved 1114112K
  class space    used 6691K, committed 7360K, reserved 1048576K
}
Event: 1029.196 GC heap after
{Heap after GC invocations=41 (full 3):
 PSYoungGen      total 16896K, used 800K [0x00000000d5580000, 0x00000000d6880000, 0x0000000100000000)
  eden space 15872K, 0% used [0x00000000d5580000,0x00000000d5580000,0x00000000d6500000)
  from space 1024K, 78% used [0x00000000d6780000,0x00000000d6848040,0x00000000d6880000)
  to   space 1536K, 0% used [0x00000000d6580000,0x00000000d6580000,0x00000000d6700000)
 ParOldGen       total 68608K, used 43193K [0x0000000080000000, 0x0000000084300000, 0x00000000d5580000)
  object space 68608K, 62% used [0x0000000080000000,0x0000000082a2e670,0x0000000084300000)
 Metaspace       used 63107K, committed 64640K, reserved 1114112K
  class space    used 6691K, committed 7360K, reserved 1048576K
}
Event: 1559.946 GC heap before
{Heap before GC invocations=42 (full 3):
 PSYoungGen      total 16896K, used 16672K [0x00000000d5580000, 0x00000000d6880000, 0x0000000100000000)
  eden space 15872K, 100% used [0x00000000d5580000,0x00000000d6500000,0x00000000d6500000)
  from space 1024K, 78% used [0x00000000d6780000,0x00000000d6848040,0x00000000d6880000)
  to   space 1536K, 0% used [0x00000000d6580000,0x00000000d6580000,0x00000000d6700000)
 ParOldGen       total 68608K, used 43193K [0x0000000080000000, 0x0000000084300000, 0x00000000d5580000)
  object space 68608K, 62% used [0x0000000080000000,0x0000000082a2e670,0x0000000084300000)
 Metaspace       used 63340K, committed 64832K, reserved 1114112K
  class space    used 6691K, committed 7360K, reserved 1048576K
}
Event: 1559.947 GC heap after
{Heap after GC invocations=42 (full 3):
 PSYoungGen      total 17408K, used 960K [0x00000000d5580000, 0x00000000d6800000, 0x0000000100000000)
  eden space 15872K, 0% used [0x00000000d5580000,0x00000000d5580000,0x00000000d6500000)
  from space 1536K, 62% used [0x00000000d6580000,0x00000000d6670020,0x00000000d6700000)
  to   space 1024K, 0% used [0x00000000d6700000,0x00000000d6700000,0x00000000d6800000)
 ParOldGen       total 68608K, used 43825K [0x0000000080000000, 0x0000000084300000, 0x00000000d5580000)
  object space 68608K, 63% used [0x0000000080000000,0x0000000082acc6b0,0x0000000084300000)
 Metaspace       used 63340K, committed 64832K, reserved 1114112K
  class space    used 6691K, committed 7360K, reserved 1048576K
}

